<?xml version="1.0" encoding="UTF-8" standalone="yes"?>
<response>
    <header>
        <resultCode>00</resultCode>
        <resultMsg>NORMAL SERVICE.</resultMsg>
    </header>
    <body>
        <items>
            <item>
                <거래금액>90,000</거래금액>
                <거래유형></거래유형>
                <건축년도>2008</건축년도>
                <년>2020</년>
                <법정동>운중동</법정동>
                <아파트>산운마을9단지(대방노블랜드)</아파트>
                <월>1</월>
                <일>31</일>
                <전용면적>59.93</전용면적>
                <중개사소재지></중개사소재지>
                <지번>958</지번>
                <지역코드>41135</지역코드>
                <층>13</층>
                <해제사유발생일></해제사유발생일>
                <해제여부></해제여부>
            </item>
            <item>
                <거래금액>89,200</거래금액>
                <거래유형></거래유형>
                <건축년도>2008</건축년도>
                <년>2020</년>
                <법정동>운중동</법정동>
                <아파트>산운마을8단지(부영사랑으로)</아파트>
                <월>1</월>
                <일>31</일>
                <전용면적>81.019</전용면적>
                <중개사소재지></중개사소재지>
                <지번>956</지번>
                <지역코드>41135</지역코드>
                <층>3</층>
                <해제사유발생일></해제사유발생일>
                <해제여부></해제여부>
            </item>
            <item>
                <거래금액>90,000</거래금액>
                <거래유형></거래유형>
                <건축년도>2008</건축년도>
                <년>2020</년>
                <법정동>운중동</법정동>
                <아파트>산운마을9단지(대방노블랜드)</아파트>
                <월>1</월>
                <일>31</일>
                <전용면적>59.93</전용면적>
                <중개사소재지></중개사소재지>
                <지번>958</지번>
                <지역코드>41135</지역코드>
                <층>13</층>
                <해제사유발생일></해제사유발생일>
                <해제여부></해제여부>
            </item>
        </items>
        <numOfRows>10</numOfRows>
        <pageNo>1</pageNo>
        <totalCount>1</totalCount>
    </body>
</response>